<?xml version="1.0" encoding="UTF-8"?>
<!-- Generated by org.testng.reporters.JUnitReportReporter -->
<testsuite skipped="0" hostname="Taye" name="testcase.TestBookingCreation" tests="1" failures="0" timestamp="11 Aug 2018 10:40:42 GMT" time="11.329" errors="0">
  <testcase name="validateBookingDeleted" time="11.329" classname="testcase.TestBookingCreation"/>
</testsuite> <!-- testcase.TestBookingCreation -->
